12:09:53  INFO     root     Tue 2017-01-17 Getting started
12:09:54  INFO     root     There are 62 channels you are following
12:09:58  INFO     root     firebat has come online
12:09:59  INFO     root     eloise has come online
12:09:59  INFO     root     mushisgosu has come online
12:09:59  INFO     root     lifecoach1981 has come online
12:10:00  INFO     root     joshimuz has come online
12:30:22  INFO     root     mryagut has come online
13:16:04  INFO     root     massansc has come online
14:01:49  INFO     root     amazhs has come online
15:33:18  INFO     root     savjz has come online
15:33:23  INFO     root     eloise went offline
15:33:23  INFO     root     eloise total streamed for 3:23:24.670751 hours
15:43:29  INFO     root     loyan has come online
15:49:11  INFO     root     mryagut went offline
15:49:11  INFO     root     mryagut total streamed for 3:18:48.770150 hours
16:19:06  INFO     root     massansc went offline
16:19:06  INFO     root     massansc total streamed for 3:03:02.640962 hours
16:29:17  INFO     root     firebat went offline
16:29:17  INFO     root     firebat total streamed for 4:19:19.450092 hours
16:56:14  INFO     root     joshimuz went offline
16:56:14  INFO     root     joshimuz total streamed for 4:46:14.253006 hours
17:32:10  INFO     root     Tue 2017-01-17 Getting started
17:32:11  INFO     root     There are 62 channels you are following
17:32:13  INFO     root     savjz has come online
17:32:13  INFO     root     loyan has come online
17:32:15  INFO     root     amazhs has come online
17:32:16  INFO     root     lifecoach1981 has come online
17:32:16  INFO     root     mushisgosu has come online
17:52:36  INFO     root     lifecoach1981 went offline
17:52:36  INFO     root     lifecoach1981 total streamed for 0:20:20.055279 hours
17:52:37  INFO     root     lobosjr has come online
17:52:39  INFO     root     forsenlol has come online
18:02:46  INFO     root     mushisgosu went offline
18:02:46  INFO     root     mushisgosu total streamed for 0:30:29.632550 hours
18:28:10  INFO     root     izakooo has come online
18:38:20  INFO     root     hotform has come online
18:48:29  INFO     root     amazhs went offline
18:48:29  INFO     root     amazhs total streamed for 1:16:14.341134 hours
19:08:48  INFO     root     loyan went offline
19:08:48  INFO     root     loyan total streamed for 1:36:34.181122 hours
19:13:52  INFO     root     j4ckiechan has come online
19:24:06  INFO     root     guardsmanbob has come online
19:49:33  INFO     root     blackfireice has come online
20:35:27  INFO     root     addled has come online
20:40:55  INFO     root     kolento has come online
21:21:43  INFO     root     ikealyou has come online
21:41:32  INFO     root     lifecoach1981 has come online
21:56:48  INFO     root     chewiemelodies has come online
22:42:27  DEBUG    root     Request for mackenseize failed. Trying again.
22:42:27  DEBUG    root     Request for reynad27 failed. Trying again.
23:02:49  INFO     root     savjz went offline
23:02:49  INFO     root     savjz total streamed for 5:30:35.959872 hours
23:07:57  INFO     root     blackfireice went offline
23:07:57  INFO     root     blackfireice total streamed for 3:18:23.763878 hours
23:08:45  INFO     root     mryagut has come online
23:28:17  DEBUG    root     Request for blackfireice failed. Trying again.
23:28:17  DEBUG    root     Request for bmkibler failed. Trying again.
23:28:17  DEBUG    root     Request for grinninggoat failed. Trying again.
23:28:18  DEBUG    root     Request for starladder_cs_en failed. Trying again.
23:28:18  DEBUG    root     Request for amazhs failed. Trying again.
23:28:20  INFO     root     izakooo went offline
23:28:20  INFO     root     izakooo total streamed for 5:00:09.940090 hours
23:28:24  INFO     root     lifecoach1981 went offline
23:28:24  INFO     root     lifecoach1981 total streamed for 1:46:52.564678 hours
23:33:25  INFO     root     izakooo has come online
23:33:30  INFO     root     lifecoach1981 has come online
23:49:38  INFO     root     forsenlol went offline
23:49:38  INFO     root     forsenlol total streamed for 5:56:58.945859 hours
00:03:56  INFO     root     disguisedtoasths has come online
00:09:04  INFO     root     lifecoach1981 went offline
00:09:04  INFO     root     lifecoach1981 total streamed for 0:35:33.867542 hours
